0 info it worked if it ends with ok
1 verbose cli [ '/usr/bin/node', '/usr/bin/npm', 'run', 'watch' ]
2 info using npm@1.4.21
3 info using node@v8.11.1
4 verbose run-script [ 'prewatch', 'watch', 'postwatch' ]
5 info prewatch devportfolio-template@1.1.3
6 info watch devportfolio-template@1.1.3
7 verbose unsafe-perm in lifecycle true
8 info devportfolio-template@1.1.3 Failed to exec watch script
9 error devportfolio-template@1.1.3 watch: `gulp watch`
9 error Exit status 127
10 error Failed at the devportfolio-template@1.1.3 watch script.
10 error This is most likely a problem with the devportfolio-template package,
10 error not with npm itself.
10 error Tell the author that this fails on your system:
10 error     gulp watch
10 error You can get their info via:
10 error     npm owner ls devportfolio-template
10 error There is likely additional logging output above.
11 error System Linux 4.9.80-v7+
12 error command "/usr/bin/node" "/usr/bin/npm" "run" "watch"
13 error cwd /home/pi/Projects/devportfolio
14 error node -v v8.11.1
15 error npm -v 1.4.21
16 error code ELIFECYCLE
17 verbose exit [ 1, true ]
